<?xml version="1.0" encoding="UTF-8"?>
<!-- Generated by org.testng.reporters.JUnitReportReporter -->
<testsuite skipped="0" hostname="DESKTOP-9715G1F" name="pac1.BrowserTest" tests="1" failures="0" timestamp="2020-08-06T17:33:31 IST" time="0.016" errors="0">
  <testcase name="fTest" time="0.016" classname="pac1.BrowserTest"/>
  <system-out/>
</testsuite> <!-- pac1.BrowserTest -->
