<?xml version="1.0" encoding="UTF-8"?>
<!-- Generated by org.testng.reporters.JUnitReportReporter -->
<testsuite skipped="0" hostname="DESKTOP-9715G1F" name="Mavndetailedpractice.Mavendemo2Test" tests="2" failures="0" timestamp="2020-06-18T10:56:29 IST" time="0.002" errors="0">
  <testcase name="mul" time="0.001" classname="Mavndetailedpractice.Mavendemo2Test"/>
  <system-out/>
  <testcase name="div" time="0.001" classname="Mavndetailedpractice.Mavendemo2Test"/>
  <system-out/>
</testsuite> <!-- Mavndetailedpractice.Mavendemo2Test -->
