<?xml version="1.0" encoding="UTF-8"?>
<!-- Generated by org.testng.reporters.JUnitReportReporter -->
<testsuite skipped="0" hostname="DESKTOP-9715G1F" name="simplypractice.Mavendemo1Test" tests="2" failures="0" timestamp="2020-06-18T10:56:29 IST" time="0.005" errors="0">
  <testcase name="fTest" time="0.001" classname="simplypractice.Mavendemo1Test"/>
  <system-out/>
  <testcase name="f1Test" time="0.004" classname="simplypractice.Mavendemo1Test"/>
  <system-out/>
</testsuite> <!-- simplypractice.Mavendemo1Test -->
