<?xml version="1.0" encoding="UTF-8"?>
<!-- Generated by org.testng.reporters.JUnitReportReporter -->
<testsuite skipped="0" hostname="DESKTOP-9715G1F" name="Mavndetailedpractice.Mavendemo1Test" tests="2" failures="0" timestamp="2020-06-18T10:56:29 IST" time="0.009" errors="0">
  <testcase name="add" time="0.009" classname="Mavndetailedpractice.Mavendemo1Test"/>
  <system-out/>
  <testcase name="sub" time="0.000" classname="Mavndetailedpractice.Mavendemo1Test"/>
  <system-out/>
</testsuite> <!-- Mavndetailedpractice.Mavendemo1Test -->
